<?xml version="1.0" encoding="UTF-8"?>
<testsuite xmlns:xsi="http://www.w3.org/2001/XMLSchema-instance" xsi:noNamespaceSchemaLocation="https://maven.apache.org/surefire/maven-surefire-plugin/xsd/surefire-test-report-3.0.xsd" version="3.0" name="ie.gmit.practiceTest" time="0.14" tests="10" errors="0" skipped="0" failures="0">
  <properties>
[...]
</properties>
  <testcase name="testSetAgeSuccess" classname="ie.gmit.practiceTest" time="0.033"/>
  <testcase name="testSetNameFail" classname="ie.gmit.practiceTest" time="0.008"/>
  <testcase name="testSetNameSuccess" classname="ie.gmit.practiceTest" time="0.001"/>
  <testcase name="testSetIdSuccess" classname="ie.gmit.practiceTest" time="0.005"/>
  <testcase name="testSetPhoneSuccess" classname="ie.gmit.practiceTest" time="0.001"/>
  <testcase name="testSetTitleFail" classname="ie.gmit.practiceTest" time="0.005"/>
  <testcase name="testSetIdFail" classname="ie.gmit.practiceTest" time="0.003"/>
  <testcase name="testSetAgeFail" classname="ie.gmit.practiceTest" time="0.001"/>
  <testcase name="testSetTitleSuccess" classname="ie.gmit.practiceTest" time="0.004"/>
  <testcase name="testSetPhoneFail" classname="ie.gmit.practiceTest" time="0.001"/>
</testsuite>